<?xml version="1.0" encoding="UTF-8"?>
<!-- Generated by org.testng.reporters.JUnitXMLReporter -->
<testsuite ignored="0" hostname="DESKTOP-9KG91EN" failures="0" tests="4" name="Default test" time="79.098" errors="0" timestamp="2024-01-29T15:27:06 MYT">
  <testcase classname="Valiram.SerenityDemo.Filter" name="customerFilter" time="13.31"/>
  <testcase classname="Valiram.SerenityDemo.Filter" name="monthFilter" time="12.208"/>
  <testcase classname="Valiram.SerenityDemo.Filter" name="projectFilter" time="11.502">
    <skipped/>
  </testcase> <!-- projectFilter -->
  <testcase classname="Valiram.SerenityDemo.Filter" name="projectFilter" time="12.546"/>
</testsuite> <!-- Default test -->
