<?xml version="1.0" encoding="UTF-8"?>
<!-- Generated by org.testng.reporters.JUnitXMLReporter -->
<testsuite ignored="0" hostname="DESKTOP-9KG91EN" failures="0" tests="3" name="Filter" time="62.993" errors="0" timestamp="2024-01-29T21:19:02 MYT">
  <testcase classname="Valiram.SerenityDemo.Filter" name="customerFilter" time="13.388"/>
  <testcase classname="Valiram.SerenityDemo.Filter" name="monthFilter" time="12.109"/>
  <testcase classname="Valiram.SerenityDemo.Filter" name="projectFilter" time="12.917"/>
</testsuite> <!-- Filter -->
