<?xml version="1.0" encoding="UTF-8"?>
<!-- Generated by org.testng.reporters.JUnitXMLReporter -->
<testsuite ignored="0" hostname="DESKTOP-9KG91EN" failures="0" tests="6" name="Login" time="89.457" errors="0" timestamp="2024-01-29T21:20:32 MYT">
  <testcase classname="Valiram.SerenityDemo.Login" name="caseInsensitivityCheckTest" time="8.302"/>
  <testcase classname="Valiram.SerenityDemo.Login" name="emptyFieldsTest" time="7.163"/>
  <testcase classname="Valiram.SerenityDemo.Login" name="invalidPasswordTest" time="8.426"/>
  <testcase classname="Valiram.SerenityDemo.Login" name="invalidUsernameTest" time="8.101"/>
  <testcase classname="Valiram.SerenityDemo.Login" name="trimmingSpacesInCredentialsTest" time="8.161"/>
  <testcase classname="Valiram.SerenityDemo.Login" name="validLoginTest" time="8.287"/>
</testsuite> <!-- Login -->
