<?xml version="1.0" encoding="UTF-8"?>
<!-- Generated by org.testng.reporters.JUnitXMLReporter -->
<testsuite ignored="0" hostname="DESKTOP-9KG91EN" failures="0" tests="6" name="Login" time="103.795" errors="0" timestamp="2024-01-29T17:13:38 MYT">
  <testcase classname="Valiram.SerenityDemo.Login" name="caseInsensitivityCheckTest" time="8.81"/>
  <testcase classname="Valiram.SerenityDemo.Login" name="emptyFieldsTest" time="8.052"/>
  <testcase classname="Valiram.SerenityDemo.Login" name="invalidPasswordTest" time="9.182"/>
  <testcase classname="Valiram.SerenityDemo.Login" name="invalidUsernameTest" time="8.66"/>
  <testcase classname="Valiram.SerenityDemo.Login" name="trimmingSpacesInCredentialsTest" time="8.405"/>
  <testcase classname="Valiram.SerenityDemo.Login" name="validLoginTest" time="8.244"/>
</testsuite> <!-- Login -->
