<?xml version="1.0" encoding="UTF-8"?>
<!-- Generated by org.testng.reporters.JUnitXMLReporter -->
<testsuite ignored="0" hostname="DESKTOP-9KG91EN" failures="0" tests="4" name="WorkLog" time="69.418" errors="0" timestamp="2024-01-29T21:21:41 MYT">
  <testcase classname="Valiram.SerenityDemo.WorkLog" name="VerifyAddDescription" time="11.135"/>
  <testcase classname="Valiram.SerenityDemo.WorkLog" name="VerifyProjectSelection" time="10.255"/>
  <testcase classname="Valiram.SerenityDemo.WorkLog" name="VerifyTagSelection" time="11.905"/>
  <testcase classname="Valiram.SerenityDemo.WorkLog" name="newWorkLog" time="9.609"/>
</testsuite> <!-- WorkLog -->
