<?xml version="1.0" encoding="UTF-8"?>
<!-- Generated by org.testng.reporters.JUnitXMLReporter -->
<testsuite ignored="0" hostname="DESKTOP-9KG91EN" failures="0" tests="4" name="WorkLog" time="81.131" errors="0" timestamp="2024-01-29T17:14:59 MYT">
  <testcase classname="Valiram.SerenityDemo.WorkLog" name="VerifyAddDescription" time="12.493"/>
  <testcase classname="Valiram.SerenityDemo.WorkLog" name="VerifyProjectSelection" time="11.083"/>
  <testcase classname="Valiram.SerenityDemo.WorkLog" name="VerifyTagSelection" time="11.873"/>
  <testcase classname="Valiram.SerenityDemo.WorkLog" name="newWorkLog" time="10.982"/>
</testsuite> <!-- WorkLog -->
