<?xml version="1.0" encoding="UTF-8"?>
<!-- Generated by org.testng.reporters.JUnitXMLReporter -->
<testsuite ignored="0" hostname="DESKTOP-9KG91EN" failures="0" tests="6" name="Login" time="104.495" errors="0" timestamp="2024-01-29T18:03:02 MYT">
  <testcase classname="Valiram.SerenityDemo.Login" name="caseInsensitivityCheckTest" time="8.728"/>
  <testcase classname="Valiram.SerenityDemo.Login" name="emptyFieldsTest" time="8.103"/>
  <testcase classname="Valiram.SerenityDemo.Login" name="invalidPasswordTest" time="8.162"/>
  <testcase classname="Valiram.SerenityDemo.Login" name="invalidUsernameTest" time="8.423"/>
  <testcase classname="Valiram.SerenityDemo.Login" name="trimmingSpacesInCredentialsTest" time="8.239"/>
  <testcase classname="Valiram.SerenityDemo.Login" name="validLoginTest" time="8.606"/>
</testsuite> <!-- Login -->
