<?xml version="1.0" encoding="UTF-8"?>
<!-- Generated by org.testng.reporters.JUnitXMLReporter -->
<testsuite ignored="0" hostname="DESKTOP-9KG91EN" failures="0" tests="4" name="WorkLog" time="81.374" errors="0" timestamp="2024-01-29T18:04:24 MYT">
  <testcase classname="Valiram.SerenityDemo.WorkLog" name="VerifyAddDescription" time="12.281"/>
  <testcase classname="Valiram.SerenityDemo.WorkLog" name="VerifyProjectSelection" time="11.672"/>
  <testcase classname="Valiram.SerenityDemo.WorkLog" name="VerifyTagSelection" time="12.123"/>
  <testcase classname="Valiram.SerenityDemo.WorkLog" name="newWorkLog" time="10.469"/>
</testsuite> <!-- WorkLog -->
