<?xml version="1.0" encoding="UTF-8"?>
<testng-results ignored="0" total="13" passed="13" failed="0" skipped="0">
  <reporter-output>
  </reporter-output>
  <suite started-at="2024-01-29T18:00:11 MYT" name="Suite" finished-at="2024-01-29T18:04:24 MYT" duration-ms="252529">
    <groups>
    </groups>
    <test started-at="2024-01-29T18:00:11 MYT" name="Filter" finished-at="2024-01-29T18:01:18 MYT" duration-ms="66438">
      <class name="Valiram.SerenityDemo.Filter">
        <test-method is-config="true" signature="ConfigureAppium()[pri:0, instance:Valiram.SerenityDemo.Filter@1750fbeb]" started-at="2024-01-29T18:00:11 MYT" name="ConfigureAppium" finished-at="2024-01-29T18:00:21 MYT" duration-ms="9632" status="PASS">
          <reporter-output>
          </reporter-output>
        </test-method> <!-- ConfigureAppium -->
        <test-method signature="customerFilter()[pri:0, instance:Valiram.SerenityDemo.Filter@1750fbeb]" started-at="2024-01-29T18:00:21 MYT" name="customerFilter" finished-at="2024-01-29T18:00:34 MYT" duration-ms="13365" status="PASS">
          <reporter-output>
          </reporter-output>
        </test-method> <!-- customerFilter -->
        <test-method is-config="true" signature="tearDown()[pri:0, instance:Valiram.SerenityDemo.Filter@1750fbeb]" started-at="2024-01-29T18:00:34 MYT" name="tearDown" finished-at="2024-01-29T18:00:35 MYT" duration-ms="558" status="PASS">
          <reporter-output>
          </reporter-output>
        </test-method> <!-- tearDown -->
        <test-method is-config="true" signature="ConfigureAppium()[pri:0, instance:Valiram.SerenityDemo.Filter@1750fbeb]" started-at="2024-01-29T18:00:35 MYT" name="ConfigureAppium" finished-at="2024-01-29T18:00:42 MYT" duration-ms="7581" status="PASS">
          <reporter-output>
          </reporter-output>
        </test-method> <!-- ConfigureAppium -->
        <test-method signature="monthFilter()[pri:0, instance:Valiram.SerenityDemo.Filter@1750fbeb]" started-at="2024-01-29T18:00:42 MYT" name="monthFilter" finished-at="2024-01-29T18:00:55 MYT" duration-ms="12766" status="PASS">
          <reporter-output>
          </reporter-output>
        </test-method> <!-- monthFilter -->
        <test-method is-config="true" signature="tearDown()[pri:0, instance:Valiram.SerenityDemo.Filter@1750fbeb]" started-at="2024-01-29T18:00:55 MYT" name="tearDown" finished-at="2024-01-29T18:00:56 MYT" duration-ms="548" status="PASS">
          <reporter-output>
          </reporter-output>
        </test-method> <!-- tearDown -->
        <test-method is-config="true" signature="ConfigureAppium()[pri:0, instance:Valiram.SerenityDemo.Filter@1750fbeb]" started-at="2024-01-29T18:00:56 MYT" name="ConfigureAppium" finished-at="2024-01-29T18:01:04 MYT" duration-ms="7746" status="PASS">
          <reporter-output>
          </reporter-output>
        </test-method> <!-- ConfigureAppium -->
        <test-method signature="projectFilter()[pri:0, instance:Valiram.SerenityDemo.Filter@1750fbeb]" started-at="2024-01-29T18:01:04 MYT" name="projectFilter" finished-at="2024-01-29T18:01:17 MYT" duration-ms="13746" status="PASS">
          <reporter-output>
          </reporter-output>
        </test-method> <!-- projectFilter -->
        <test-method is-config="true" signature="tearDown()[pri:0, instance:Valiram.SerenityDemo.Filter@1750fbeb]" started-at="2024-01-29T18:01:17 MYT" name="tearDown" finished-at="2024-01-29T18:01:18 MYT" duration-ms="470" status="PASS">
          <reporter-output>
          </reporter-output>
        </test-method> <!-- tearDown -->
      </class> <!-- Valiram.SerenityDemo.Filter -->
    </test> <!-- Filter -->
    <test started-at="2024-01-29T18:01:18 MYT" name="Login" finished-at="2024-01-29T18:03:02 MYT" duration-ms="104495">
      <class name="Valiram.SerenityDemo.Login">
        <test-method is-config="true" signature="ConfigureAppium()[pri:0, instance:Valiram.SerenityDemo.Login@d554c5f]" started-at="2024-01-29T18:01:18 MYT" name="ConfigureAppium" finished-at="2024-01-29T18:01:27 MYT" duration-ms="8636" status="PASS">
          <reporter-output>
          </reporter-output>
        </test-method> <!-- ConfigureAppium -->
        <test-method signature="caseInsensitivityCheckTest()[pri:0, instance:Valiram.SerenityDemo.Login@d554c5f]" started-at="2024-01-29T18:01:27 MYT" name="caseInsensitivityCheckTest" finished-at="2024-01-29T18:01:35 MYT" duration-ms="8728" status="PASS">
          <reporter-output>
          </reporter-output>
        </test-method> <!-- caseInsensitivityCheckTest -->
        <test-method is-config="true" signature="tearDown()[pri:0, instance:Valiram.SerenityDemo.Login@d554c5f]" started-at="2024-01-29T18:01:35 MYT" name="tearDown" finished-at="2024-01-29T18:01:36 MYT" duration-ms="466" status="PASS">
          <reporter-output>
          </reporter-output>
        </test-method> <!-- tearDown -->
        <test-method is-config="true" signature="ConfigureAppium()[pri:0, instance:Valiram.SerenityDemo.Login@d554c5f]" started-at="2024-01-29T18:01:36 MYT" name="ConfigureAppium" finished-at="2024-01-29T18:01:44 MYT" duration-ms="8444" status="PASS">
          <reporter-output>
          </reporter-output>
        </test-method> <!-- ConfigureAppium -->
        <test-method signature="emptyFieldsTest()[pri:0, instance:Valiram.SerenityDemo.Login@d554c5f]" started-at="2024-01-29T18:01:44 MYT" name="emptyFieldsTest" finished-at="2024-01-29T18:01:52 MYT" duration-ms="8103" status="PASS">
          <reporter-output>
          </reporter-output>
        </test-method> <!-- emptyFieldsTest -->
        <test-method is-config="true" signature="tearDown()[pri:0, instance:Valiram.SerenityDemo.Login@d554c5f]" started-at="2024-01-29T18:01:52 MYT" name="tearDown" finished-at="2024-01-29T18:01:53 MYT" duration-ms="495" status="PASS">
          <reporter-output>
          </reporter-output>
        </test-method> <!-- tearDown -->
        <test-method is-config="true" signature="ConfigureAppium()[pri:0, instance:Valiram.SerenityDemo.Login@d554c5f]" started-at="2024-01-29T18:01:53 MYT" name="ConfigureAppium" finished-at="2024-01-29T18:02:03 MYT" duration-ms="9808" status="PASS">
          <reporter-output>
          </reporter-output>
        </test-method> <!-- ConfigureAppium -->
        <test-method signature="invalidPasswordTest()[pri:0, instance:Valiram.SerenityDemo.Login@d554c5f]" started-at="2024-01-29T18:02:03 MYT" name="invalidPasswordTest" finished-at="2024-01-29T18:02:11 MYT" duration-ms="8162" status="PASS">
          <reporter-output>
          </reporter-output>
        </test-method> <!-- invalidPasswordTest -->
        <test-method is-config="true" signature="tearDown()[pri:0, instance:Valiram.SerenityDemo.Login@d554c5f]" started-at="2024-01-29T18:02:11 MYT" name="tearDown" finished-at="2024-01-29T18:02:11 MYT" duration-ms="465" status="PASS">
          <reporter-output>
          </reporter-output>
        </test-method> <!-- tearDown -->
        <test-method is-config="true" signature="ConfigureAppium()[pri:0, instance:Valiram.SerenityDemo.Login@d554c5f]" started-at="2024-01-29T18:02:11 MYT" name="ConfigureAppium" finished-at="2024-01-29T18:02:19 MYT" duration-ms="7760" status="PASS">
          <reporter-output>
          </reporter-output>
        </test-method> <!-- ConfigureAppium -->
        <test-method signature="invalidUsernameTest()[pri:0, instance:Valiram.SerenityDemo.Login@d554c5f]" started-at="2024-01-29T18:02:19 MYT" name="invalidUsernameTest" finished-at="2024-01-29T18:02:27 MYT" duration-ms="8423" status="PASS">
          <reporter-output>
          </reporter-output>
        </test-method> <!-- invalidUsernameTest -->
        <test-method is-config="true" signature="tearDown()[pri:0, instance:Valiram.SerenityDemo.Login@d554c5f]" started-at="2024-01-29T18:02:27 MYT" name="tearDown" finished-at="2024-01-29T18:02:28 MYT" duration-ms="521" status="PASS">
          <reporter-output>
          </reporter-output>
        </test-method> <!-- tearDown -->
        <test-method is-config="true" signature="ConfigureAppium()[pri:0, instance:Valiram.SerenityDemo.Login@d554c5f]" started-at="2024-01-29T18:02:28 MYT" name="ConfigureAppium" finished-at="2024-01-29T18:02:37 MYT" duration-ms="8803" status="PASS">
          <reporter-output>
          </reporter-output>
        </test-method> <!-- ConfigureAppium -->
        <test-method signature="trimmingSpacesInCredentialsTest()[pri:0, instance:Valiram.SerenityDemo.Login@d554c5f]" started-at="2024-01-29T18:02:37 MYT" name="trimmingSpacesInCredentialsTest" finished-at="2024-01-29T18:02:45 MYT" duration-ms="8239" status="PASS">
          <reporter-output>
          </reporter-output>
        </test-method> <!-- trimmingSpacesInCredentialsTest -->
        <test-method is-config="true" signature="tearDown()[pri:0, instance:Valiram.SerenityDemo.Login@d554c5f]" started-at="2024-01-29T18:02:45 MYT" name="tearDown" finished-at="2024-01-29T18:02:45 MYT" duration-ms="467" status="PASS">
          <reporter-output>
          </reporter-output>
        </test-method> <!-- tearDown -->
        <test-method is-config="true" signature="ConfigureAppium()[pri:0, instance:Valiram.SerenityDemo.Login@d554c5f]" started-at="2024-01-29T18:02:45 MYT" name="ConfigureAppium" finished-at="2024-01-29T18:02:53 MYT" duration-ms="7875" status="PASS">
          <reporter-output>
          </reporter-output>
        </test-method> <!-- ConfigureAppium -->
        <test-method signature="validLoginTest()[pri:0, instance:Valiram.SerenityDemo.Login@d554c5f]" started-at="2024-01-29T18:02:53 MYT" name="validLoginTest" finished-at="2024-01-29T18:03:02 MYT" duration-ms="8606" status="PASS">
          <reporter-output>
          </reporter-output>
        </test-method> <!-- validLoginTest -->
        <test-method is-config="true" signature="tearDown()[pri:0, instance:Valiram.SerenityDemo.Login@d554c5f]" started-at="2024-01-29T18:03:02 MYT" name="tearDown" finished-at="2024-01-29T18:03:02 MYT" duration-ms="488" status="PASS">
          <reporter-output>
          </reporter-output>
        </test-method> <!-- tearDown -->
      </class> <!-- Valiram.SerenityDemo.Login -->
    </test> <!-- Login -->
    <test started-at="2024-01-29T18:03:02 MYT" name="WorkLog" finished-at="2024-01-29T18:04:24 MYT" duration-ms="81374">
      <class name="Valiram.SerenityDemo.WorkLog">
        <test-method is-config="true" signature="ConfigureAppium()[pri:0, instance:Valiram.SerenityDemo.WorkLog@6a8658ff]" started-at="2024-01-29T18:03:02 MYT" name="ConfigureAppium" finished-at="2024-01-29T18:03:11 MYT" duration-ms="8277" status="PASS">
          <reporter-output>
          </reporter-output>
        </test-method> <!-- ConfigureAppium -->
        <test-method signature="VerifyAddDescription()[pri:0, instance:Valiram.SerenityDemo.WorkLog@6a8658ff]" started-at="2024-01-29T18:03:11 MYT" name="VerifyAddDescription" finished-at="2024-01-29T18:03:23 MYT" duration-ms="12281" status="PASS">
          <reporter-output>
          </reporter-output>
        </test-method> <!-- VerifyAddDescription -->
        <test-method is-config="true" signature="tearDown()[pri:0, instance:Valiram.SerenityDemo.WorkLog@6a8658ff]" started-at="2024-01-29T18:03:23 MYT" name="tearDown" finished-at="2024-01-29T18:03:24 MYT" duration-ms="468" status="PASS">
          <reporter-output>
          </reporter-output>
        </test-method> <!-- tearDown -->
        <test-method is-config="true" signature="ConfigureAppium()[pri:0, instance:Valiram.SerenityDemo.WorkLog@6a8658ff]" started-at="2024-01-29T18:03:24 MYT" name="ConfigureAppium" finished-at="2024-01-29T18:03:32 MYT" duration-ms="8150" status="PASS">
          <reporter-output>
          </reporter-output>
        </test-method> <!-- ConfigureAppium -->
        <test-method signature="VerifyProjectSelection()[pri:0, instance:Valiram.SerenityDemo.WorkLog@6a8658ff]" started-at="2024-01-29T18:03:32 MYT" name="VerifyProjectSelection" finished-at="2024-01-29T18:03:43 MYT" duration-ms="11672" status="PASS">
          <reporter-output>
          </reporter-output>
        </test-method> <!-- VerifyProjectSelection -->
        <test-method is-config="true" signature="tearDown()[pri:0, instance:Valiram.SerenityDemo.WorkLog@6a8658ff]" started-at="2024-01-29T18:03:43 MYT" name="tearDown" finished-at="2024-01-29T18:03:44 MYT" duration-ms="438" status="PASS">
          <reporter-output>
          </reporter-output>
        </test-method> <!-- tearDown -->
        <test-method is-config="true" signature="ConfigureAppium()[pri:0, instance:Valiram.SerenityDemo.WorkLog@6a8658ff]" started-at="2024-01-29T18:03:44 MYT" name="ConfigureAppium" finished-at="2024-01-29T18:03:52 MYT" duration-ms="7900" status="PASS">
          <reporter-output>
          </reporter-output>
        </test-method> <!-- ConfigureAppium -->
        <test-method signature="VerifyTagSelection()[pri:0, instance:Valiram.SerenityDemo.WorkLog@6a8658ff]" started-at="2024-01-29T18:03:52 MYT" name="VerifyTagSelection" finished-at="2024-01-29T18:04:04 MYT" duration-ms="12123" status="PASS">
          <reporter-output>
          </reporter-output>
        </test-method> <!-- VerifyTagSelection -->
        <test-method is-config="true" signature="tearDown()[pri:0, instance:Valiram.SerenityDemo.WorkLog@6a8658ff]" started-at="2024-01-29T18:04:04 MYT" name="tearDown" finished-at="2024-01-29T18:04:04 MYT" duration-ms="489" status="PASS">
          <reporter-output>
          </reporter-output>
        </test-method> <!-- tearDown -->
        <test-method is-config="true" signature="ConfigureAppium()[pri:0, instance:Valiram.SerenityDemo.WorkLog@6a8658ff]" started-at="2024-01-29T18:04:04 MYT" name="ConfigureAppium" finished-at="2024-01-29T18:04:13 MYT" duration-ms="8604" status="PASS">
          <reporter-output>
          </reporter-output>
        </test-method> <!-- ConfigureAppium -->
        <test-method signature="newWorkLog()[pri:0, instance:Valiram.SerenityDemo.WorkLog@6a8658ff]" started-at="2024-01-29T18:04:13 MYT" name="newWorkLog" finished-at="2024-01-29T18:04:23 MYT" duration-ms="10469" status="PASS">
          <reporter-output>
          </reporter-output>
        </test-method> <!-- newWorkLog -->
        <test-method is-config="true" signature="tearDown()[pri:0, instance:Valiram.SerenityDemo.WorkLog@6a8658ff]" started-at="2024-01-29T18:04:23 MYT" name="tearDown" finished-at="2024-01-29T18:04:24 MYT" duration-ms="499" status="PASS">
          <reporter-output>
          </reporter-output>
        </test-method> <!-- tearDown -->
      </class> <!-- Valiram.SerenityDemo.WorkLog -->
    </test> <!-- WorkLog -->
  </suite> <!-- Suite -->
</testng-results>
