<?xml version="1.0" encoding="UTF-8"?>
<testng-results ignored="0" total="13" passed="13" failed="0" skipped="0">
  <reporter-output>
  </reporter-output>
  <suite started-at="2024-01-29T21:17:59 MYT" name="Suite" finished-at="2024-01-29T21:21:41 MYT" duration-ms="222081">
    <groups>
    </groups>
    <test started-at="2024-01-29T21:17:59 MYT" name="Filter" finished-at="2024-01-29T21:19:02 MYT" duration-ms="62993">
      <class name="Valiram.SerenityDemo.Filter">
        <test-method is-config="true" signature="ConfigureAppium()[pri:0, instance:Valiram.SerenityDemo.Filter@1a20270e]" started-at="2024-01-29T21:17:59 MYT" name="ConfigureAppium" finished-at="2024-01-29T21:18:10 MYT" duration-ms="10904" status="PASS">
          <reporter-output>
          </reporter-output>
        </test-method> <!-- ConfigureAppium -->
        <test-method signature="customerFilter()[pri:0, instance:Valiram.SerenityDemo.Filter@1a20270e]" started-at="2024-01-29T21:18:10 MYT" name="customerFilter" finished-at="2024-01-29T21:18:23 MYT" duration-ms="13388" status="PASS">
          <reporter-output>
          </reporter-output>
        </test-method> <!-- customerFilter -->
        <test-method is-config="true" signature="tearDown()[pri:0, instance:Valiram.SerenityDemo.Filter@1a20270e]" started-at="2024-01-29T21:18:23 MYT" name="tearDown" finished-at="2024-01-29T21:18:24 MYT" duration-ms="402" status="PASS">
          <reporter-output>
          </reporter-output>
        </test-method> <!-- tearDown -->
        <test-method is-config="true" signature="ConfigureAppium()[pri:0, instance:Valiram.SerenityDemo.Filter@1a20270e]" started-at="2024-01-29T21:18:24 MYT" name="ConfigureAppium" finished-at="2024-01-29T21:18:30 MYT" duration-ms="6132" status="PASS">
          <reporter-output>
          </reporter-output>
        </test-method> <!-- ConfigureAppium -->
        <test-method signature="monthFilter()[pri:0, instance:Valiram.SerenityDemo.Filter@1a20270e]" started-at="2024-01-29T21:18:30 MYT" name="monthFilter" finished-at="2024-01-29T21:18:42 MYT" duration-ms="12109" status="PASS">
          <reporter-output>
          </reporter-output>
        </test-method> <!-- monthFilter -->
        <test-method is-config="true" signature="tearDown()[pri:0, instance:Valiram.SerenityDemo.Filter@1a20270e]" started-at="2024-01-29T21:18:42 MYT" name="tearDown" finished-at="2024-01-29T21:18:42 MYT" duration-ms="480" status="PASS">
          <reporter-output>
          </reporter-output>
        </test-method> <!-- tearDown -->
        <test-method is-config="true" signature="ConfigureAppium()[pri:0, instance:Valiram.SerenityDemo.Filter@1a20270e]" started-at="2024-01-29T21:18:42 MYT" name="ConfigureAppium" finished-at="2024-01-29T21:18:49 MYT" duration-ms="6228" status="PASS">
          <reporter-output>
          </reporter-output>
        </test-method> <!-- ConfigureAppium -->
        <test-method signature="projectFilter()[pri:0, instance:Valiram.SerenityDemo.Filter@1a20270e]" started-at="2024-01-29T21:18:49 MYT" name="projectFilter" finished-at="2024-01-29T21:19:02 MYT" duration-ms="12917" status="PASS">
          <reporter-output>
          </reporter-output>
        </test-method> <!-- projectFilter -->
        <test-method is-config="true" signature="tearDown()[pri:0, instance:Valiram.SerenityDemo.Filter@1a20270e]" started-at="2024-01-29T21:19:02 MYT" name="tearDown" finished-at="2024-01-29T21:19:02 MYT" duration-ms="399" status="PASS">
          <reporter-output>
          </reporter-output>
        </test-method> <!-- tearDown -->
        <test-method is-config="true" signature="tearEnd()[pri:0, instance:Valiram.SerenityDemo.Filter@1a20270e]" started-at="2024-01-29T21:19:02 MYT" name="tearEnd" finished-at="2024-01-29T21:19:02 MYT" duration-ms="0" status="PASS">
          <reporter-output>
          </reporter-output>
        </test-method> <!-- tearEnd -->
      </class> <!-- Valiram.SerenityDemo.Filter -->
    </test> <!-- Filter -->
    <test started-at="2024-01-29T21:19:02 MYT" name="Login" finished-at="2024-01-29T21:20:32 MYT" duration-ms="89457">
      <class name="Valiram.SerenityDemo.Login">
        <test-method is-config="true" signature="ConfigureAppium()[pri:0, instance:Valiram.SerenityDemo.Login@1a6c1270]" started-at="2024-01-29T21:19:02 MYT" name="ConfigureAppium" finished-at="2024-01-29T21:19:09 MYT" duration-ms="6567" status="PASS">
          <reporter-output>
          </reporter-output>
        </test-method> <!-- ConfigureAppium -->
        <test-method signature="caseInsensitivityCheckTest()[pri:0, instance:Valiram.SerenityDemo.Login@1a6c1270]" started-at="2024-01-29T21:19:09 MYT" name="caseInsensitivityCheckTest" finished-at="2024-01-29T21:19:17 MYT" duration-ms="8302" status="PASS">
          <reporter-output>
          </reporter-output>
        </test-method> <!-- caseInsensitivityCheckTest -->
        <test-method is-config="true" signature="tearDown()[pri:0, instance:Valiram.SerenityDemo.Login@1a6c1270]" started-at="2024-01-29T21:19:17 MYT" name="tearDown" finished-at="2024-01-29T21:19:17 MYT" duration-ms="349" status="PASS">
          <reporter-output>
          </reporter-output>
        </test-method> <!-- tearDown -->
        <test-method is-config="true" signature="ConfigureAppium()[pri:0, instance:Valiram.SerenityDemo.Login@1a6c1270]" started-at="2024-01-29T21:19:17 MYT" name="ConfigureAppium" finished-at="2024-01-29T21:19:24 MYT" duration-ms="6427" status="PASS">
          <reporter-output>
          </reporter-output>
        </test-method> <!-- ConfigureAppium -->
        <test-method signature="emptyFieldsTest()[pri:0, instance:Valiram.SerenityDemo.Login@1a6c1270]" started-at="2024-01-29T21:19:24 MYT" name="emptyFieldsTest" finished-at="2024-01-29T21:19:31 MYT" duration-ms="7163" status="PASS">
          <reporter-output>
          </reporter-output>
        </test-method> <!-- emptyFieldsTest -->
        <test-method is-config="true" signature="tearDown()[pri:0, instance:Valiram.SerenityDemo.Login@1a6c1270]" started-at="2024-01-29T21:19:31 MYT" name="tearDown" finished-at="2024-01-29T21:19:31 MYT" duration-ms="336" status="PASS">
          <reporter-output>
          </reporter-output>
        </test-method> <!-- tearDown -->
        <test-method is-config="true" signature="ConfigureAppium()[pri:0, instance:Valiram.SerenityDemo.Login@1a6c1270]" started-at="2024-01-29T21:19:31 MYT" name="ConfigureAppium" finished-at="2024-01-29T21:19:37 MYT" duration-ms="5563" status="PASS">
          <reporter-output>
          </reporter-output>
        </test-method> <!-- ConfigureAppium -->
        <test-method signature="invalidPasswordTest()[pri:0, instance:Valiram.SerenityDemo.Login@1a6c1270]" started-at="2024-01-29T21:19:37 MYT" name="invalidPasswordTest" finished-at="2024-01-29T21:19:45 MYT" duration-ms="8426" status="PASS">
          <reporter-output>
          </reporter-output>
        </test-method> <!-- invalidPasswordTest -->
        <test-method is-config="true" signature="tearDown()[pri:0, instance:Valiram.SerenityDemo.Login@1a6c1270]" started-at="2024-01-29T21:19:45 MYT" name="tearDown" finished-at="2024-01-29T21:19:46 MYT" duration-ms="396" status="PASS">
          <reporter-output>
          </reporter-output>
        </test-method> <!-- tearDown -->
        <test-method is-config="true" signature="ConfigureAppium()[pri:0, instance:Valiram.SerenityDemo.Login@1a6c1270]" started-at="2024-01-29T21:19:46 MYT" name="ConfigureAppium" finished-at="2024-01-29T21:19:53 MYT" duration-ms="7164" status="PASS">
          <reporter-output>
          </reporter-output>
        </test-method> <!-- ConfigureAppium -->
        <test-method signature="invalidUsernameTest()[pri:0, instance:Valiram.SerenityDemo.Login@1a6c1270]" started-at="2024-01-29T21:19:53 MYT" name="invalidUsernameTest" finished-at="2024-01-29T21:20:01 MYT" duration-ms="8101" status="PASS">
          <reporter-output>
          </reporter-output>
        </test-method> <!-- invalidUsernameTest -->
        <test-method is-config="true" signature="tearDown()[pri:0, instance:Valiram.SerenityDemo.Login@1a6c1270]" started-at="2024-01-29T21:20:01 MYT" name="tearDown" finished-at="2024-01-29T21:20:01 MYT" duration-ms="387" status="PASS">
          <reporter-output>
          </reporter-output>
        </test-method> <!-- tearDown -->
        <test-method is-config="true" signature="ConfigureAppium()[pri:0, instance:Valiram.SerenityDemo.Login@1a6c1270]" started-at="2024-01-29T21:20:01 MYT" name="ConfigureAppium" finished-at="2024-01-29T21:20:08 MYT" duration-ms="6586" status="PASS">
          <reporter-output>
          </reporter-output>
        </test-method> <!-- ConfigureAppium -->
        <test-method signature="trimmingSpacesInCredentialsTest()[pri:0, instance:Valiram.SerenityDemo.Login@1a6c1270]" started-at="2024-01-29T21:20:08 MYT" name="trimmingSpacesInCredentialsTest" finished-at="2024-01-29T21:20:16 MYT" duration-ms="8161" status="PASS">
          <reporter-output>
          </reporter-output>
        </test-method> <!-- trimmingSpacesInCredentialsTest -->
        <test-method is-config="true" signature="tearDown()[pri:0, instance:Valiram.SerenityDemo.Login@1a6c1270]" started-at="2024-01-29T21:20:16 MYT" name="tearDown" finished-at="2024-01-29T21:20:16 MYT" duration-ms="395" status="PASS">
          <reporter-output>
          </reporter-output>
        </test-method> <!-- tearDown -->
        <test-method is-config="true" signature="ConfigureAppium()[pri:0, instance:Valiram.SerenityDemo.Login@1a6c1270]" started-at="2024-01-29T21:20:16 MYT" name="ConfigureAppium" finished-at="2024-01-29T21:20:23 MYT" duration-ms="6510" status="PASS">
          <reporter-output>
          </reporter-output>
        </test-method> <!-- ConfigureAppium -->
        <test-method signature="validLoginTest()[pri:0, instance:Valiram.SerenityDemo.Login@1a6c1270]" started-at="2024-01-29T21:20:23 MYT" name="validLoginTest" finished-at="2024-01-29T21:20:31 MYT" duration-ms="8287" status="PASS">
          <reporter-output>
          </reporter-output>
        </test-method> <!-- validLoginTest -->
        <test-method is-config="true" signature="tearDown()[pri:0, instance:Valiram.SerenityDemo.Login@1a6c1270]" started-at="2024-01-29T21:20:31 MYT" name="tearDown" finished-at="2024-01-29T21:20:32 MYT" duration-ms="326" status="PASS">
          <reporter-output>
          </reporter-output>
        </test-method> <!-- tearDown -->
        <test-method is-config="true" signature="tearEnd()[pri:0, instance:Valiram.SerenityDemo.Login@1a6c1270]" started-at="2024-01-29T21:20:32 MYT" name="tearEnd" finished-at="2024-01-29T21:20:32 MYT" duration-ms="0" status="PASS">
          <reporter-output>
          </reporter-output>
        </test-method> <!-- tearEnd -->
      </class> <!-- Valiram.SerenityDemo.Login -->
    </test> <!-- Login -->
    <test started-at="2024-01-29T21:20:32 MYT" name="WorkLog" finished-at="2024-01-29T21:21:41 MYT" duration-ms="69418">
      <class name="Valiram.SerenityDemo.WorkLog">
        <test-method is-config="true" signature="ConfigureAppium()[pri:0, instance:Valiram.SerenityDemo.WorkLog@5d12a356]" started-at="2024-01-29T21:20:32 MYT" name="ConfigureAppium" finished-at="2024-01-29T21:20:38 MYT" duration-ms="6095" status="PASS">
          <reporter-output>
          </reporter-output>
        </test-method> <!-- ConfigureAppium -->
        <test-method signature="VerifyAddDescription()[pri:0, instance:Valiram.SerenityDemo.WorkLog@5d12a356]" started-at="2024-01-29T21:20:38 MYT" name="VerifyAddDescription" finished-at="2024-01-29T21:20:49 MYT" duration-ms="11135" status="PASS">
          <reporter-output>
          </reporter-output>
        </test-method> <!-- VerifyAddDescription -->
        <test-method is-config="true" signature="tearDown()[pri:0, instance:Valiram.SerenityDemo.WorkLog@5d12a356]" started-at="2024-01-29T21:20:49 MYT" name="tearDown" finished-at="2024-01-29T21:20:49 MYT" duration-ms="438" status="PASS">
          <reporter-output>
          </reporter-output>
        </test-method> <!-- tearDown -->
        <test-method is-config="true" signature="ConfigureAppium()[pri:0, instance:Valiram.SerenityDemo.WorkLog@5d12a356]" started-at="2024-01-29T21:20:49 MYT" name="ConfigureAppium" finished-at="2024-01-29T21:20:56 MYT" duration-ms="6351" status="PASS">
          <reporter-output>
          </reporter-output>
        </test-method> <!-- ConfigureAppium -->
        <test-method signature="VerifyProjectSelection()[pri:0, instance:Valiram.SerenityDemo.WorkLog@5d12a356]" started-at="2024-01-29T21:20:56 MYT" name="VerifyProjectSelection" finished-at="2024-01-29T21:21:06 MYT" duration-ms="10255" status="PASS">
          <reporter-output>
          </reporter-output>
        </test-method> <!-- VerifyProjectSelection -->
        <test-method is-config="true" signature="tearDown()[pri:0, instance:Valiram.SerenityDemo.WorkLog@5d12a356]" started-at="2024-01-29T21:21:06 MYT" name="tearDown" finished-at="2024-01-29T21:21:06 MYT" duration-ms="403" status="PASS">
          <reporter-output>
          </reporter-output>
        </test-method> <!-- tearDown -->
        <test-method is-config="true" signature="ConfigureAppium()[pri:0, instance:Valiram.SerenityDemo.WorkLog@5d12a356]" started-at="2024-01-29T21:21:06 MYT" name="ConfigureAppium" finished-at="2024-01-29T21:21:13 MYT" duration-ms="6253" status="PASS">
          <reporter-output>
          </reporter-output>
        </test-method> <!-- ConfigureAppium -->
        <test-method signature="VerifyTagSelection()[pri:0, instance:Valiram.SerenityDemo.WorkLog@5d12a356]" started-at="2024-01-29T21:21:13 MYT" name="VerifyTagSelection" finished-at="2024-01-29T21:21:24 MYT" duration-ms="11905" status="PASS">
          <reporter-output>
          </reporter-output>
        </test-method> <!-- VerifyTagSelection -->
        <test-method is-config="true" signature="tearDown()[pri:0, instance:Valiram.SerenityDemo.WorkLog@5d12a356]" started-at="2024-01-29T21:21:24 MYT" name="tearDown" finished-at="2024-01-29T21:21:25 MYT" duration-ms="407" status="PASS">
          <reporter-output>
          </reporter-output>
        </test-method> <!-- tearDown -->
        <test-method is-config="true" signature="ConfigureAppium()[pri:0, instance:Valiram.SerenityDemo.WorkLog@5d12a356]" started-at="2024-01-29T21:21:25 MYT" name="ConfigureAppium" finished-at="2024-01-29T21:21:31 MYT" duration-ms="6186" status="PASS">
          <reporter-output>
          </reporter-output>
        </test-method> <!-- ConfigureAppium -->
        <test-method signature="newWorkLog()[pri:0, instance:Valiram.SerenityDemo.WorkLog@5d12a356]" started-at="2024-01-29T21:21:31 MYT" name="newWorkLog" finished-at="2024-01-29T21:21:41 MYT" duration-ms="9609" status="PASS">
          <reporter-output>
          </reporter-output>
        </test-method> <!-- newWorkLog -->
        <test-method is-config="true" signature="tearDown()[pri:0, instance:Valiram.SerenityDemo.WorkLog@5d12a356]" started-at="2024-01-29T21:21:41 MYT" name="tearDown" finished-at="2024-01-29T21:21:41 MYT" duration-ms="376" status="PASS">
          <reporter-output>
          </reporter-output>
        </test-method> <!-- tearDown -->
        <test-method is-config="true" signature="tearEnd()[pri:0, instance:Valiram.SerenityDemo.WorkLog@5d12a356]" started-at="2024-01-29T21:21:41 MYT" name="tearEnd" finished-at="2024-01-29T21:21:41 MYT" duration-ms="0" status="PASS">
          <reporter-output>
          </reporter-output>
        </test-method> <!-- tearEnd -->
      </class> <!-- Valiram.SerenityDemo.WorkLog -->
    </test> <!-- WorkLog -->
  </suite> <!-- Suite -->
</testng-results>
